make --dry-run --always-make --keep-going --print-directory
make: Entering directory '/home/dl/workspace/bareComputer/15_lcd'
arm-linux-gnueabihf-gcc -Wall -nostdlib -fno-builtin -c -O2   -I imx6ul  -I bsp/clk  -I bsp/led  -I bsp/delay  -I bsp/beep  -I bsp/key  -I bsp/gpio  -I bsp/int  -I bsp/exti  -I bsp/epit  -I bsp/keyfilter  -I bsp/uart  -I stdio/include  -I bsp/lcd -o obj/start.o project/start.S
arm-linux-gnueabihf-gcc -Wall -nostdlib -fno-builtin -c -O2   -I imx6ul  -I bsp/clk  -I bsp/led  -I bsp/delay  -I bsp/beep  -I bsp/key  -I bsp/gpio  -I bsp/int  -I bsp/exti  -I bsp/epit  -I bsp/keyfilter  -I bsp/uart  -I stdio/include  -I bsp/lcd -o obj/lib1funcs.o stdio/lib/lib1funcs.S
arm-linux-gnueabihf-gcc -Wall -nostdlib -fno-builtin -Wa,-mimplicit-it=thumb -c -O2   -I imx6ul  -I bsp/clk  -I bsp/led  -I bsp/delay  -I bsp/beep  -I bsp/key  -I bsp/gpio  -I bsp/int  -I bsp/exti  -I bsp/epit  -I bsp/keyfilter  -I bsp/uart  -I stdio/include  -I bsp/lcd -o obj/main.o project/main.c
arm-linux-gnueabihf-gcc -Wall -nostdlib -fno-builtin -Wa,-mimplicit-it=thumb -c -O2   -I imx6ul  -I bsp/clk  -I bsp/led  -I bsp/delay  -I bsp/beep  -I bsp/key  -I bsp/gpio  -I bsp/int  -I bsp/exti  -I bsp/epit  -I bsp/keyfilter  -I bsp/uart  -I stdio/include  -I bsp/lcd -o obj/bsp_clk.o bsp/clk/bsp_clk.c
arm-linux-gnueabihf-gcc -Wall -nostdlib -fno-builtin -Wa,-mimplicit-it=thumb -c -O2   -I imx6ul  -I bsp/clk  -I bsp/led  -I bsp/delay  -I bsp/beep  -I bsp/key  -I bsp/gpio  -I bsp/int  -I bsp/exti  -I bsp/epit  -I bsp/keyfilter  -I bsp/uart  -I stdio/include  -I bsp/lcd -o obj/bsp_led.o bsp/led/bsp_led.c
arm-linux-gnueabihf-gcc -Wall -nostdlib -fno-builtin -Wa,-mimplicit-it=thumb -c -O2   -I imx6ul  -I bsp/clk  -I bsp/led  -I bsp/delay  -I bsp/beep  -I bsp/key  -I bsp/gpio  -I bsp/int  -I bsp/exti  -I bsp/epit  -I bsp/keyfilter  -I bsp/uart  -I stdio/include  -I bsp/lcd -o obj/bsp_delay.o bsp/delay/bsp_delay.c
arm-linux-gnueabihf-gcc -Wall -nostdlib -fno-builtin -Wa,-mimplicit-it=thumb -c -O2   -I imx6ul  -I bsp/clk  -I bsp/led  -I bsp/delay  -I bsp/beep  -I bsp/key  -I bsp/gpio  -I bsp/int  -I bsp/exti  -I bsp/epit  -I bsp/keyfilter  -I bsp/uart  -I stdio/include  -I bsp/lcd -o obj/bsp_beep.o bsp/beep/bsp_beep.c
arm-linux-gnueabihf-gcc -Wall -nostdlib -fno-builtin -Wa,-mimplicit-it=thumb -c -O2   -I imx6ul  -I bsp/clk  -I bsp/led  -I bsp/delay  -I bsp/beep  -I bsp/key  -I bsp/gpio  -I bsp/int  -I bsp/exti  -I bsp/epit  -I bsp/keyfilter  -I bsp/uart  -I stdio/include  -I bsp/lcd -o obj/bsp_key.o bsp/key/bsp_key.c
arm-linux-gnueabihf-gcc -Wall -nostdlib -fno-builtin -Wa,-mimplicit-it=thumb -c -O2   -I imx6ul  -I bsp/clk  -I bsp/led  -I bsp/delay  -I bsp/beep  -I bsp/key  -I bsp/gpio  -I bsp/int  -I bsp/exti  -I bsp/epit  -I bsp/keyfilter  -I bsp/uart  -I stdio/include  -I bsp/lcd -o obj/bsp_gpio.o bsp/gpio/bsp_gpio.c
arm-linux-gnueabihf-gcc -Wall -nostdlib -fno-builtin -Wa,-mimplicit-it=thumb -c -O2   -I imx6ul  -I bsp/clk  -I bsp/led  -I bsp/delay  -I bsp/beep  -I bsp/key  -I bsp/gpio  -I bsp/int  -I bsp/exti  -I bsp/epit  -I bsp/keyfilter  -I bsp/uart  -I stdio/include  -I bsp/lcd -o obj/bsp_int.o bsp/int/bsp_int.c
arm-linux-gnueabihf-gcc -Wall -nostdlib -fno-builtin -Wa,-mimplicit-it=thumb -c -O2   -I imx6ul  -I bsp/clk  -I bsp/led  -I bsp/delay  -I bsp/beep  -I bsp/key  -I bsp/gpio  -I bsp/int  -I bsp/exti  -I bsp/epit  -I bsp/keyfilter  -I bsp/uart  -I stdio/include  -I bsp/lcd -o obj/exti.o bsp/exti/exti.c
arm-linux-gnueabihf-gcc -Wall -nostdlib -fno-builtin -Wa,-mimplicit-it=thumb -c -O2   -I imx6ul  -I bsp/clk  -I bsp/led  -I bsp/delay  -I bsp/beep  -I bsp/key  -I bsp/gpio  -I bsp/int  -I bsp/exti  -I bsp/epit  -I bsp/keyfilter  -I bsp/uart  -I stdio/include  -I bsp/lcd -o obj/bsp_epit.o bsp/epit/bsp_epit.c
arm-linux-gnueabihf-gcc -Wall -nostdlib -fno-builtin -Wa,-mimplicit-it=thumb -c -O2   -I imx6ul  -I bsp/clk  -I bsp/led  -I bsp/delay  -I bsp/beep  -I bsp/key  -I bsp/gpio  -I bsp/int  -I bsp/exti  -I bsp/epit  -I bsp/keyfilter  -I bsp/uart  -I stdio/include  -I bsp/lcd -o obj/keyfilter.o bsp/keyfilter/keyfilter.c
arm-linux-gnueabihf-gcc -Wall -nostdlib -fno-builtin -Wa,-mimplicit-it=thumb -c -O2   -I imx6ul  -I bsp/clk  -I bsp/led  -I bsp/delay  -I bsp/beep  -I bsp/key  -I bsp/gpio  -I bsp/int  -I bsp/exti  -I bsp/epit  -I bsp/keyfilter  -I bsp/uart  -I stdio/include  -I bsp/lcd -o obj/bsp_uart.o bsp/uart/bsp_uart.c
arm-linux-gnueabihf-gcc -Wall -nostdlib -fno-builtin -Wa,-mimplicit-it=thumb -c -O2   -I imx6ul  -I bsp/clk  -I bsp/led  -I bsp/delay  -I bsp/beep  -I bsp/key  -I bsp/gpio  -I bsp/int  -I bsp/exti  -I bsp/epit  -I bsp/keyfilter  -I bsp/uart  -I stdio/include  -I bsp/lcd -o obj/ctype.o stdio/lib/ctype.c
arm-linux-gnueabihf-gcc -Wall -nostdlib -fno-builtin -Wa,-mimplicit-it=thumb -c -O2   -I imx6ul  -I bsp/clk  -I bsp/led  -I bsp/delay  -I bsp/beep  -I bsp/key  -I bsp/gpio  -I bsp/int  -I bsp/exti  -I bsp/epit  -I bsp/keyfilter  -I bsp/uart  -I stdio/include  -I bsp/lcd -o obj/muldi3.o stdio/lib/muldi3.c
arm-linux-gnueabihf-gcc -Wall -nostdlib -fno-builtin -Wa,-mimplicit-it=thumb -c -O2   -I imx6ul  -I bsp/clk  -I bsp/led  -I bsp/delay  -I bsp/beep  -I bsp/key  -I bsp/gpio  -I bsp/int  -I bsp/exti  -I bsp/epit  -I bsp/keyfilter  -I bsp/uart  -I stdio/include  -I bsp/lcd -o obj/printf.o stdio/lib/printf.c
arm-linux-gnueabihf-gcc -Wall -nostdlib -fno-builtin -Wa,-mimplicit-it=thumb -c -O2   -I imx6ul  -I bsp/clk  -I bsp/led  -I bsp/delay  -I bsp/beep  -I bsp/key  -I bsp/gpio  -I bsp/int  -I bsp/exti  -I bsp/epit  -I bsp/keyfilter  -I bsp/uart  -I stdio/include  -I bsp/lcd -o obj/div64.o stdio/lib/div64.c
arm-linux-gnueabihf-gcc -Wall -nostdlib -fno-builtin -Wa,-mimplicit-it=thumb -c -O2   -I imx6ul  -I bsp/clk  -I bsp/led  -I bsp/delay  -I bsp/beep  -I bsp/key  -I bsp/gpio  -I bsp/int  -I bsp/exti  -I bsp/epit  -I bsp/keyfilter  -I bsp/uart  -I stdio/include  -I bsp/lcd -o obj/string.o stdio/lib/string.c
arm-linux-gnueabihf-gcc -Wall -nostdlib -fno-builtin -Wa,-mimplicit-it=thumb -c -O2   -I imx6ul  -I bsp/clk  -I bsp/led  -I bsp/delay  -I bsp/beep  -I bsp/key  -I bsp/gpio  -I bsp/int  -I bsp/exti  -I bsp/epit  -I bsp/keyfilter  -I bsp/uart  -I stdio/include  -I bsp/lcd -o obj/vsprintf.o stdio/lib/vsprintf.c
arm-linux-gnueabihf-gcc -Wall -nostdlib -fno-builtin -Wa,-mimplicit-it=thumb -c -O2   -I imx6ul  -I bsp/clk  -I bsp/led  -I bsp/delay  -I bsp/beep  -I bsp/key  -I bsp/gpio  -I bsp/int  -I bsp/exti  -I bsp/epit  -I bsp/keyfilter  -I bsp/uart  -I stdio/include  -I bsp/lcd -o obj/bsp_lcd.o bsp/lcd/bsp_lcd.c
arm-linux-gnueabihf-gcc -Wall -nostdlib -fno-builtin -Wa,-mimplicit-it=thumb -c -O2   -I imx6ul  -I bsp/clk  -I bsp/led  -I bsp/delay  -I bsp/beep  -I bsp/key  -I bsp/gpio  -I bsp/int  -I bsp/exti  -I bsp/epit  -I bsp/keyfilter  -I bsp/uart  -I stdio/include  -I bsp/lcd -o obj/bsp_lcdapi.o bsp/lcd/bsp_lcdapi.c
arm-linux-gnueabihf-ld -Timx6ul.lds -o lcd.elf obj/start.o obj/lib1funcs.o obj/main.o obj/bsp_clk.o obj/bsp_led.o obj/bsp_delay.o obj/bsp_beep.o obj/bsp_key.o obj/bsp_gpio.o obj/bsp_int.o obj/exti.o obj/bsp_epit.o obj/keyfilter.o obj/bsp_uart.o obj/ctype.o obj/muldi3.o obj/printf.o obj/div64.o obj/string.o obj/vsprintf.o obj/bsp_lcd.o obj/bsp_lcdapi.o	-lgcc -L /usr/local/arm/gcc-linaro-4.9.4-2017.01-x86_64_arm-linux-gnueabihf/lib/gcc/arm-linux-gnueabihf/4.9.4
arm-linux-gnueabihf-objcopy -O binary -S lcd.elf lcd.bin
arm-linux-gnueabihf-objdump -D -m arm lcd.elf > lcd.dis
make: Leaving directory '/home/dl/workspace/bareComputer/15_lcd'
 
