make all --print-data-base --no-builtin-variables --no-builtin-rules --question
make: *** No rule to make target 'all'.  Stop.

# GNU Make 4.1
# Built for x86_64-pc-linux-gnu
# Copyright (C) 1988-2014 Free Software Foundation, Inc.
# License GPLv3+: GNU GPL version 3 or later <http://gnu.org/licenses/gpl.html>
# This is free software: you are free to change and redistribute it.
# There is NO WARRANTY, to the extent permitted by law.

# Make data base, printed on Thu Jul  7 19:52:15 2022

# Variables

# automatic
<D = $(patsubst %/,%,$(dir $<))
# automatic
?F = $(notdir $?)
# makefile (from 'Makefile', line 54)
CFILENDIR := main.c bsp_clk.c bsp_led.c bsp_delay.c bsp_beep.c bsp_key.c bsp_gpio.c bsp_int.c exti.c bsp_epit.c keyfilter.c bsp_uart.c ctype.c muldi3.c printf.c div64.c string.c vsprintf.c bsp_lcd.c bsp_lcdapi.c bsp_rtc.c bsp_i2c.c bsp_ap3216c.c
# default
.SHELLFLAGS := -c
# environment
VSCODE_AGENT_FOLDER = /home/dl/.vscode-server
# environment
VSCODE_LOG_NATIVE = false
# makefile (from 'Makefile', line 2)
TARGET = ap3216c
# automatic
?D = $(patsubst %/,%,$(dir $?))
# automatic
@D = $(patsubst %/,%,$(dir $@))
# automatic
@F = $(notdir $@)
# default
MAKE_VERSION := 4.1
# makefile
CURDIR := /home/dl/workspace/bareComputer/17_i2c
# makefile
SHELL = /bin/sh
# environment
VSCODE_NLS_CONFIG = {"locale":"zh-cn","availableLanguages":{}}
# environment
_ = /home/dl/.vscode-server/bin/c3511e6c69bb39013c4a4b7b9566ec1ca73fc4d5/node
# makefile (from 'Makefile', line 1)
MAKEFILE_LIST :=  Makefile
# makefile (from 'Makefile', line 53)
SFILENDIR := start.S lib1funcs.S
# 'override' directive
GNUMAKEFLAGS := 
# environment
XDG_DATA_DIRS = /usr/local/share:/usr/share:/var/lib/snapd/desktop
# makefile (from 'Makefile', line 57)
COBJS :=  obj/main.o  obj/bsp_clk.o  obj/bsp_led.o  obj/bsp_delay.o  obj/bsp_beep.o  obj/bsp_key.o  obj/bsp_gpio.o  obj/bsp_int.o  obj/exti.o  obj/bsp_epit.o  obj/keyfilter.o  obj/bsp_uart.o  obj/ctype.o  obj/muldi3.o  obj/printf.o  obj/div64.o  obj/string.o  obj/vsprintf.o  obj/bsp_lcd.o  obj/bsp_lcdapi.o  obj/bsp_rtc.o  obj/bsp_i2c.o  obj/bsp_ap3216c.o
# makefile (from 'Makefile', line 29)
SRCDIRS := project bsp/clk bsp/led bsp/delay bsp/beep bsp/key bsp/gpio bsp/int bsp/exti bsp/epit bsp/keyfilter bsp/uart stdio/lib bsp/lcd bsp/rtc bsp/i2c bsp/ap3216c
# environment
DBUS_SESSION_BUS_ADDRESS = unix:path=/run/user/1000/bus
# environment
VSCODE_VERBOSE_LOGGING = true
# makefile (from 'Makefile', line 50)
SFILES :=  project/start.S                        stdio/lib/lib1funcs.S        
# makefile (from 'Makefile', line 58)
OBJS :=  obj/start.o  obj/lib1funcs.o  obj/main.o  obj/bsp_clk.o  obj/bsp_led.o  obj/bsp_delay.o  obj/bsp_beep.o  obj/bsp_key.o  obj/bsp_gpio.o  obj/bsp_int.o  obj/exti.o  obj/bsp_epit.o  obj/keyfilter.o  obj/bsp_uart.o  obj/ctype.o  obj/muldi3.o  obj/printf.o  obj/div64.o  obj/string.o  obj/vsprintf.o  obj/bsp_lcd.o  obj/bsp_lcdapi.o  obj/bsp_rtc.o  obj/bsp_i2c.o  obj/bsp_ap3216c.o
# environment
LESSOPEN = | /usr/bin/lesspipe %s
# environment
VSCODE_CWD = /home/dl
# environment
SSH_CONNECTION = 192.168.1.10 10211 192.168.63.130 22
# environment
PATH = /home/dl/.vscode-server/bin/c3511e6c69bb39013c4a4b7b9566ec1ca73fc4d5/bin/remote-cli:/opt/OpenWrt-Toolchain-ramips-for-mipsel_24kec+dsp-gcc-4.8-linaro_uClibc-0.9.33.2/toolchain-mipsel_24kec+dsp_gcc-4.8-linaro_uClibc-0.9.33.2/bin:/usr/local/sbin:/usr/local/bin:/usr/sbin:/usr/bin:/sbin:/bin:/usr/games:/usr/local/games:/snap/bin:/usr/local/arm/gcc-linaro-4.9.4-2017.01-x86_64_arm-linux-gnueabihf/bin
# makefile (from 'Makefile', line 5)
LD := arm-linux-gnueabihf-ld
# environment
XDG_RUNTIME_DIR = /run/user/1000
# makefile (from 'Makefile', line 60)
VPATH := project bsp/clk bsp/led bsp/delay bsp/beep bsp/key bsp/gpio bsp/int bsp/exti bsp/epit bsp/keyfilter bsp/uart stdio/lib bsp/lcd bsp/rtc bsp/i2c bsp/ap3216c
# environment
VSCODE_LOG_STACK = false
# default
.FEATURES := target-specific order-only second-expansion else-if shortest-stem undefine oneshell archives jobserver output-sync check-symlink load
# environment
LS_COLORS = 
# automatic
%F = $(notdir $%)
# environment
VSCODE_PIPE_LOGGING = true
# environment
PWD = /home/dl/workspace/bareComputer/17_i2c
# environment
VSCODE_IPC_HOOK_CLI = /run/user/1000/vscode-ipc-c9db8a4b-f86c-448f-8812-8e2f8b3e19b0.sock
# automatic
*D = $(patsubst %/,%,$(dir $*))
# environment
VSCODE_AMD_ENTRYPOINT = vs/workbench/api/node/extensionHostProcess
# environment
HOME = /home/dl
# environment
LESSCLOSE = /usr/bin/lesspipe %s %s
# environment
LOGNAME = dl
# environment
APPLICATION_INSIGHTS_NO_DIAGNOSTIC_CHANNEL = 1
# automatic
+F = $(notdir $+)
# environment
VSCODE_HANDLES_UNCAUGHT_ERRORS = true
# automatic
^D = $(patsubst %/,%,$(dir $^))
# environment
MAKELEVEL := 0
# default
MAKE = $(MAKE_COMMAND)
# default
MAKECMDGOALS := all
# makefile (from 'Makefile', line 56)
SOBJS :=  obj/start.o  obj/lib1funcs.o
# environment
SHLVL = 3
# makefile (from 'Makefile', line 4)
CC := arm-linux-gnueabihf-gcc
# makefile (from 'Makefile', line 9)
LIBPATH := -lgcc -L /usr/local/arm/gcc-linaro-4.9.4-2017.01-x86_64_arm-linux-gnueabihf/lib/gcc/arm-linux-gnueabihf/4.9.4
# environment
XDG_SESSION_ID = 64
# environment
USER = dl
# makefile
.DEFAULT_GOAL := ap3216c.bin
# makefile (from 'Makefile', line 48)
INCLUDE :=  -I imx6ul  -I bsp/clk  -I bsp/led  -I bsp/delay  -I bsp/beep  -I bsp/key  -I bsp/gpio  -I bsp/int  -I bsp/exti  -I bsp/epit  -I bsp/keyfilter  -I bsp/uart  -I stdio/include  -I bsp/lcd  -I bsp/rtc  -I bsp/i2c  -I bsp/ap3216c
# makefile (from 'Makefile', line 51)
CFILES :=  project/main.c  bsp/clk/bsp_clk.c  bsp/led/bsp_led.c  bsp/delay/bsp_delay.c  bsp/beep/bsp_beep.c  bsp/key/bsp_key.c  bsp/gpio/bsp_gpio.c  bsp/int/bsp_int.c  bsp/exti/exti.c  bsp/epit/bsp_epit.c  bsp/keyfilter/keyfilter.c  bsp/uart/bsp_uart.c  stdio/lib/ctype.c stdio/lib/muldi3.c stdio/lib/printf.c stdio/lib/div64.c stdio/lib/string.c stdio/lib/vsprintf.c  bsp/lcd/bsp_lcd.c bsp/lcd/bsp_lcdapi.c  bsp/rtc/bsp_rtc.c  bsp/i2c/bsp_i2c.c  bsp/ap3216c/bsp_ap3216c.c
# automatic
%D = $(patsubst %/,%,$(dir $%))
# makefile (from 'Makefile', line 11)
INCDIRS := imx6ul bsp/clk bsp/led bsp/delay bsp/beep bsp/key bsp/gpio bsp/int bsp/exti bsp/epit bsp/keyfilter bsp/uart stdio/include bsp/lcd bsp/rtc bsp/i2c bsp/ap3216c
# default
MAKE_COMMAND := make
# environment
STAGING_DIR = :/opt/mipsel/bin
# default
.VARIABLES := 
# automatic
*F = $(notdir $*)
# makefile
MAKEFLAGS = pqrR
# environment
MFLAGS = -pqrR
# environment
SSH_CLIENT = 192.168.1.10 10211 22
# environment
MAIL = /var/mail/dl
# automatic
+D = $(patsubst %/,%,$(dir $+))
# makefile (from 'Makefile', line 7)
OBJDUMP := arm-linux-gnueabihf-objdump
# environment
BROWSER = /home/dl/.vscode-server/bin/c3511e6c69bb39013c4a4b7b9566ec1ca73fc4d5/bin/helpers/browser.sh
# environment
VSCODE_HANDLES_SIGPIPE = true
# makefile (from 'Makefile', line 1)
CROSS_COMPILE = arm-linux-gnueabihf-
# default
MAKEFILES := 
# automatic
<F = $(notdir $<)
# environment
LC_ALL = C
# automatic
^F = $(notdir $^)
# makefile (from 'Makefile', line 6)
OBJCOPY := arm-linux-gnueabihf-objcopy
# default
SUFFIXES := 
# default
.INCLUDE_DIRS = /usr/include /usr/local/include /usr/include
# default
.RECIPEPREFIX := 
# default
MAKE_HOST := x86_64-pc-linux-gnu
# environment
LANG = C
# environment
VSCODE_EXTHOST_WILL_SEND_SOCKET = true
# variable set hash-table stats:
# Load=86/1024=8%, Rehash=0, Collisions=29/131=22%

# Pattern-specific Variable Values

# No pattern-specific variable values.

# Directories

# bsp/i2c (device 2049, inode 2377002): 4 files, no impossibilities.
# . (device 2049, inode 2248127): 16 files, no impossibilities.
# bsp/delay (device 2049, inode 2376975): 4 files, no impossibilities.
# bsp/ap3216c (device 2049, inode 2377003): 4 files, no impossibilities.
# bsp/exti (device 2049, inode 2248204): 4 files, no impossibilities.
# bsp/key (device 2049, inode 2376981): 4 files, no impossibilities.
# bsp/rtc (device 2049, inode 2376999): 4 files, no impossibilities.
# bsp/uart (device 2049, inode 2376990): 4 files, no impossibilities.
# bsp/clk (device 2049, inode 2376972): 4 files, no impossibilities.
# bsp/keyfilter (device 2049, inode 2376987): 4 files, no impossibilities.
# stdio/lib (device 2049, inode 2248140): 9 files, no impossibilities.
# bsp/lcd (device 2049, inode 2376993): 7 files, no impossibilities.
# bsp/epit (device 2049, inode 2248198): 4 files, no impossibilities.
# bsp/led (device 2049, inode 2376978): 4 files, no impossibilities.
# project (device 2049, inode 2248179): 5 files, no impossibilities.
# bsp/int (device 2049, inode 2248201): 4 files, no impossibilities.
# bsp/gpio (device 2049, inode 2376984): 4 files, no impossibilities.
# bsp/beep (device 2049, inode 2248207): 4 files, no impossibilities.

# 93 files, no impossibilities in 18 directories.

# Implicit Rules

# No implicit rules.

# Files

# Not a target:
bsp_lcdapi.c:
#  Implicit rule search has not been done.
#  Modification time never checked.
#  File has not been updated.

# Not a target:
bsp_beep.c:
#  Implicit rule search has not been done.
#  Modification time never checked.
#  File has not been updated.

obj/lib1funcs.o: lib1funcs.S
#  Implicit rule search has not been done.
#  Implicit/static pattern stem: 'lib1funcs'
#  Modification time never checked.
#  File has not been updated.
#  recipe to execute (from 'Makefile', line 70):
	$(CC) -Wall -nostdlib -fno-builtin -c -O2  $(INCLUDE) -o $@ $<

ap3216c.bin: obj/start.o obj/lib1funcs.o obj/main.o obj/bsp_clk.o obj/bsp_led.o obj/bsp_delay.o obj/bsp_beep.o obj/bsp_key.o obj/bsp_gpio.o obj/bsp_int.o obj/exti.o obj/bsp_epit.o obj/keyfilter.o obj/bsp_uart.o obj/ctype.o obj/muldi3.o obj/printf.o obj/div64.o obj/string.o obj/vsprintf.o obj/bsp_lcd.o obj/bsp_lcdapi.o obj/bsp_rtc.o obj/bsp_i2c.o obj/bsp_ap3216c.o
#  Implicit rule search has not been done.
#  Modification time never checked.
#  File has not been updated.
#  recipe to execute (from 'Makefile', line 65):
	$(LD) -Timx6ul.lds -o $(TARGET).elf $^	$(LIBPATH)
	$(OBJCOPY) -O binary -S $(TARGET).elf $@
	$(OBJDUMP) -D -m arm $(TARGET).elf > $(TARGET).dis

# Not a target:
bsp_epit.c:
#  Implicit rule search has not been done.
#  Modification time never checked.
#  File has not been updated.

obj/div64.o: div64.c
#  Implicit rule search has not been done.
#  Implicit/static pattern stem: 'div64'
#  Modification time never checked.
#  File has not been updated.
#  recipe to execute (from 'Makefile', line 73):
	$(CC) -Wall -nostdlib -fno-builtin -Wa,-mimplicit-it=thumb -c -O2  $(INCLUDE) -o $@ $<
	

obj/ctype.o: ctype.c
#  Implicit rule search has not been done.
#  Implicit/static pattern stem: 'ctype'
#  Modification time never checked.
#  File has not been updated.
#  recipe to execute (from 'Makefile', line 73):
	$(CC) -Wall -nostdlib -fno-builtin -Wa,-mimplicit-it=thumb -c -O2  $(INCLUDE) -o $@ $<
	

# Not a target:
bsp_clk.c:
#  Implicit rule search has not been done.
 
#  Modification time never checked.
#  File has not been updated.

obj/start.o: start.S
#  Implicit rule search has not been done.
#  Implicit/static pattern stem: 'start'
#  Modification time never checked.
#  File has not been updated.
#  recipe to execute (from 'Makefile', line 70):
	$(CC) -Wall -nostdlib -fno-builtin -c -O2  $(INCLUDE) -o $@ $<

# Not a target:
all:
#  Command line target.
#  Implicit rule search has been done.
#  File does not exist.
#  File has not been updated.

obj/bsp_lcd.o: bsp_lcd.c
#  Implicit rule search has not been done.
#  Implicit/static pattern stem: 'bsp_lcd'
#  Modification time never checked.
#  File has not been updated.
#  recipe to execute (from 'Makefile', line 73):
	$(CC) -Wall -nostdlib -fno-builtin -Wa,-mimplicit-it=thumb -c -O2  $(INCLUDE) -o $@ $<
	

.PHONY: clean
#  Implicit rule search has not been done.
#  Modification time never checked.
#  File has not been updated.
#  recipe to execute (from 'Makefile', line 63):
	

# Not a target:
string.c:
#  Implicit rule search has not been done.
#  Modification time never checked.
#  File has not been updated.

obj/exti.o: exti.c
#  Implicit rule search has not been done.
#  Implicit/static pattern stem: 'exti'
#  Modification time never checked.
#  File has not been updated.
#  recipe to execute (from 'Makefile', line 73):
	$(CC) -Wall -nostdlib -fno-builtin -Wa,-mimplicit-it=thumb -c -O2  $(INCLUDE) -o $@ $<
	

# Not a target:
main.c:
#  Implicit rule search has not been done.
#  Modification time never checked.
#  File has not been updated.

# Not a target:
bsp_key.c:
#  Implicit rule search has not been done.
#  Modification time never checked.
#  File has not been updated.

# Not a target:
div64.c:
#  Implicit rule search has not been done.
#  Modification time never checked.
#  File has not been updated.

obj/main.o: main.c
#  Implicit rule search has not been done.
#  Implicit/static pattern stem: 'main'
#  Modification time never checked.
#  File has not been updated.
#  recipe to execute (from 'Makefile', line 73):
	$(CC) -Wall -nostdlib -fno-builtin -Wa,-mimplicit-it=thumb -c -O2  $(INCLUDE) -o $@ $<
	

# Not a target:
bsp_ap3216c.c:
#  Implicit rule search has not been done.
#  Modification time never checked.
#  File has not been updated.

# Not a target:
Makefile:
#  Implicit rule search has been done.
#  Last modified 2022-07-04 22:51:59.012364828
#  File has been updated.
#  Successfully updated.

obj/bsp_lcdapi.o: bsp_lcdapi.c
#  Implicit rule search has not been done.
#  Implicit/static pattern stem: 'bsp_lcdapi'
#  Modification time never checked.
#  File has not been updated.
#  recipe to execute (from 'Makefile', line 73):
	$(CC) -Wall -nostdlib -fno-builtin -Wa,-mimplicit-it=thumb -c -O2  $(INCLUDE) -o $@ $<
	

# Not a target:
bsp_led.c:
#  Implicit rule search has not been done.
#  Modification time never checked.
#  File has not been updated.

obj/bsp_beep.o: bsp_beep.c
#  Implicit rule search has not been done.
#  Implicit/static pattern stem: 'bsp_beep'
#  Modification time never checked.
#  File has not been updated.
#  recipe to execute (from 'Makefile', line 73):
	$(CC) -Wall -nostdlib -fno-builtin -Wa,-mimplicit-it=thumb -c -O2  $(INCLUDE) -o $@ $<
	

# Not a target:
bsp_gpio.c:
#  Implicit rule search has not been done.
#  Modification time never checked.
#  File has not been updated.

obj/bsp_epit.o: bsp_epit.c
#  Implicit rule search has not been done.
#  Implicit/static pattern stem: 'bsp_epit'
#  Modification time never checked.
#  File has not been updated.
#  recipe to execute (from 'Makefile', line 73):
	$(CC) -Wall -nostdlib -fno-builtin -Wa,-mimplicit-it=thumb -c -O2  $(INCLUDE) -o $@ $<
	

obj/bsp_clk.o: bsp_clk.c
#  Implicit rule search has not been done.
#  Implicit/static pattern stem: 'bsp_clk'
#  Modification time never checked.
#  File has not been updated.
#  recipe to execute (from 'Makefile', line 73):
	$(CC) -Wall -nostdlib -fno-builtin -Wa,-mimplicit-it=thumb -c -O2  $(INCLUDE) -o $@ $<
	

# Not a target:
muldi3.c:
#  Implicit rule search has not been done.
#  Modification time never checked.
#  File has not been updated.

# Not a target:
bsp_rtc.c:
#  Implicit rule search has not been done.
#  Modification time never checked.
#  File has not been updated.

obj/bsp_key.o: bsp_key.c
#  Implicit rule search has not been done.
#  Implicit/static pattern stem: 'bsp_key'
#  Modification time never checked.
#  File has not been updated.
#  recipe to execute (from 'Makefile', line 73):
	$(CC) -Wall -nostdlib -fno-builtin -Wa,-mimplicit-it=thumb -c -O2  $(INCLUDE) -o $@ $<
	

obj/muldi3.o: muldi3.c
#  Implicit rule search has not been done.
#  Implicit/static pattern stem: 'muldi3'
#  Modification time never checked.
#  File has not been updated.
#  recipe to execute (from 'Makefile', line 73):
	$(CC) -Wall -nostdlib -fno-builtin -Wa,-mimplicit-it=thumb -c -O2  $(INCLUDE) -o $@ $<
	

obj/bsp_ap3216c.o: bsp_ap3216c.c
#  Implicit rule search has not been done.
#  Implicit/static pattern stem: 'bsp_ap3216c'
#  Modification time never checked.
#  File has not been updated.
#  recipe to execute (from 'Makefile', line 73):
	$(CC) -Wall -nostdlib -fno-builtin -Wa,-mimplicit-it=thumb -c -O2  $(INCLUDE) -o $@ $<
	

# Not a target:
bsp_int.c:
#  Implicit rule search has not been done.
#  Modification time never checked.
#  File has not been updated.

obj/bsp_led.o: bsp_led.c
#  Implicit rule search has not been done.
#  Implicit/static pattern stem: 'bsp_led'
#  Modification time never checked.
#  File has not been updated.
#  recipe to execute (from 'Makefile', line 73):
	$(CC) -Wall -nostdlib -fno-builtin -Wa,-mimplicit-it=thumb -c -O2  $(INCLUDE) -o $@ $<
	

# Not a target:
keyfilter.c:
#  Implicit rule search has not been done.
#  Modification time never checked.
#  File has not been updated.

obj/bsp_gpio.o: bsp_gpio.c
#  Implicit rule search has not been done.
#  Implicit/static pattern stem: 'bsp_gpio'
#  Modification time never checked.
#  File has not been updated.
#  recipe to execute (from 'Makefile', line 73):
	$(CC) -Wall -nostdlib -fno-builtin -Wa,-mimplicit-it=thumb -c -O2  $(INCLUDE) -o $@ $<
	

# Not a target:
exti.c:
#  Implicit rule search has not been done.
#  Modification time never checked.
#  File has not been updated.

# Not a target:
.DEFAULT:
#  Implicit rule search has not been done.
#  Modification time never checked.
#  File has not been updated.

# Not a target:
ctype.c:
#  Implicit rule search has not been done.
#  Modification time never checked.
#  File has not been updated.

# Not a target:
start.S:
#  Implicit rule search has not been done.
#  Modification time never checked.
#  File has not been updated.

# Not a target:
bsp_i2c.c:
#  Implicit rule search has not been done.
#  Modification time never checked.
#  File has not been updated.

# Not a target:
bsp_delay.c:
#  Implicit rule search has not been done.
#  Modification time never checked.
#  File has not been updated.

obj/keyfilter.o: keyfilter.c
#  Implicit rule search has not been done.
#  Implicit/static pattern stem: 'keyfilter'
#  Modification time never checked.
#  File has not been updated.
#  recipe to execute (from 'Makefile', line 73):
	$(CC) -Wall -nostdlib -fno-builtin -Wa,-mimplicit-it=thumb -c -O2  $(INCLUDE) -o $@ $<
	

obj/bsp_rtc.o: bsp_rtc.c
#  Implicit rule search has not been done.
#  Implicit/static pattern stem: 'bsp_rtc'
#  Modification time never checked.
#  File has not been updated.
#  recipe to execute (from 'Makefile', line 73):
	$(CC) -Wall -nostdlib -fno-builtin -Wa,-mimplicit-it=thumb -c -O2  $(INCLUDE) -o $@ $<
	

clean:
#  Phony target (prerequisite of .PHONY).
#  Implicit rule search has not been done.
#  File does not exist.
#  File has not been updated.
#  recipe to execute (from 'Makefile', line 76):
	rm -rf $(TARGET).elf $(TARGET).dis $(TARGET).bin $(COBJS) $(SOBJS)
	

# Not a target:
bsp_uart.c:
#  Implicit rule search has not been done.
#  Modification time never checked.
#  File has not been updated.

# Not a target:
bsp_lcd.c:
#  Implicit rule search has not been done.
 
#  Modification time never checked.
#  File has not been updated.

obj/bsp_int.o: bsp_int.c
#  Implicit rule search has not been done.
#  Implicit/static pattern stem: 'bsp_int'
#  Modification time never checked.
#  File has not been updated.
#  recipe to execute (from 'Makefile', line 73):
	$(CC) -Wall -nostdlib -fno-builtin -Wa,-mimplicit-it=thumb -c -O2  $(INCLUDE) -o $@ $<
	

# Not a target:
printf.c:
#  Implicit rule search has not been done.
#  Modification time never checked.
#  File has not been updated.

# Not a target:
vsprintf.c:
#  Implicit rule search has not been done.
#  Modification time never checked.
#  File has not been updated.

obj/bsp_i2c.o: bsp_i2c.c
#  Implicit rule search has not been done.
#  Implicit/static pattern stem: 'bsp_i2c'
#  Modification time never checked.
#  File has not been updated.
#  recipe to execute (from 'Makefile', line 73):
	$(CC) -Wall -nostdlib -fno-builtin -Wa,-mimplicit-it=thumb -c -O2  $(INCLUDE) -o $@ $<
	

obj/string.o: string.c
#  Implicit rule search has not been done.
#  Implicit/static pattern stem: 'string'
#  Modification time never checked.
#  File has not been updated.
#  recipe to execute (from 'Makefile', line 73):
	$(CC) -Wall -nostdlib -fno-builtin -Wa,-mimplicit-it=thumb -c -O2  $(INCLUDE) -o $@ $<
	

obj/vsprintf.o: vsprintf.c
#  Implicit rule search has not been done.
#  Implicit/static pattern stem: 'vsprintf'
#  Modification time never checked.
#  File has not been updated.
#  recipe to execute (from 'Makefile', line 73):
	$(CC) -Wall -nostdlib -fno-builtin -Wa,-mimplicit-it=thumb -c -O2  $(INCLUDE) -o $@ $<
	

obj/bsp_delay.o: bsp_delay.c
#  Implicit rule search has not been done.
#  Implicit/static pattern stem: 'bsp_delay'
#  Modification time never checked.
#  File has not been updated.
#  recipe to execute (from 'Makefile', line 73):
	$(CC) -Wall -nostdlib -fno-builtin -Wa,-mimplicit-it=thumb -c -O2  $(INCLUDE) -o $@ $<
	

# Not a target:
lib1funcs.S:
#  Implicit rule search has not been done.
#  Modification time never checked.
#  File has not been updated.

obj/bsp_uart.o: bsp_uart.c
#  Implicit rule search has not been done.
#  Implicit/static pattern stem: 'bsp_uart'
#  Modification time never checked.
#  File has not been updated.
#  recipe to execute (from 'Makefile', line 73):
	$(CC) -Wall -nostdlib -fno-builtin -Wa,-mimplicit-it=thumb -c -O2  $(INCLUDE) -o $@ $<
	

obj/printf.o: printf.c
#  Implicit rule search has not been done.
#  Implicit/static pattern stem: 'printf'
#  Modification time never checked.
#  File has not been updated.
#  recipe to execute (from 'Makefile', line 73):
	$(CC) -Wall -nostdlib -fno-builtin -Wa,-mimplicit-it=thumb -c -O2  $(INCLUDE) -o $@ $<
	

# files hash-table stats:
# Load=57/1024=6%, Rehash=0, Collisions=5/162=3%
# VPATH Search Paths

# No 'vpath' search paths.

# General ('VPATH' variable) search path:
# project:bsp/clk:bsp/led:bsp/delay:bsp/beep:bsp/key:bsp/gpio:bsp/int:bsp/exti:bsp/epit:bsp/keyfilter:bsp/uart:stdio/lib:bsp/lcd:bsp/rtc:bsp/i2c:bsp/ap3216c

# strcache buffers: 1 (0) / strings = 136 / storage = 1369 B / avg = 10 B
# current buf: size = 8162 B / used = 1369 B / count = 136 / avg = 10 B

# strcache performance: lookups = 273 / hit rate = 50%
# hash-table stats:
# Load=136/8192=2%, Rehash=0, Collisions=24/273=9%
# Finished Make data base on Thu Jul  7 19:52:15 2022

 
